2023-07-31 14:03:20.836  INFO [department-service,,] 13648 --- [restartedMain] c.e.demo.DepartmentServiceApplication    : Starting DepartmentServiceApplication using Java 11.0.18 on DESKTOP-SJOQAIU with PID 13648 (C:\Users\Nilesh\Documents\workspace-spring-tool-suite-4-4.18.1.RELEASE\department-service\target\classes started by Nilesh in C:\Users\Nilesh\Documents\workspace-spring-tool-suite-4-4.18.1.RELEASE\department-service)
2023-07-31 14:03:20.846  INFO [department-service,,] 13648 --- [restartedMain] c.e.demo.DepartmentServiceApplication    : No active profile set, falling back to 1 default profile: "default"
2023-07-31 14:03:21.008  INFO [department-service,,] 13648 --- [restartedMain] .e.DevToolsPropertyDefaultsPostProcessor : Devtools property defaults active! Set 'spring.devtools.add-properties' to 'false' to disable
2023-07-31 14:03:21.008  INFO [department-service,,] 13648 --- [restartedMain] .e.DevToolsPropertyDefaultsPostProcessor : For additional web related logging consider setting the 'logging.level.web' property to 'DEBUG'
2023-07-31 14:03:24.270  INFO [department-service,,] 13648 --- [restartedMain] .s.d.r.c.RepositoryConfigurationDelegate : Bootstrapping Spring Data JPA repositories in DEFAULT mode.
2023-07-31 14:03:24.610  INFO [department-service,,] 13648 --- [restartedMain] .s.d.r.c.RepositoryConfigurationDelegate : Finished Spring Data repository scanning in 316 ms. Found 1 JPA repository interfaces.
2023-07-31 14:03:25.390  INFO [department-service,,] 13648 --- [restartedMain] o.s.cloud.context.scope.GenericScope     : BeanFactory id=d2e09a48-e996-3e99-a81b-a3a47306bce4
2023-07-31 14:03:27.246  INFO [department-service,,] 13648 --- [restartedMain] o.s.b.w.embedded.tomcat.TomcatWebServer  : Tomcat initialized with port(s): 0 (http)
2023-07-31 14:03:27.289  INFO [department-service,,] 13648 --- [restartedMain] o.apache.catalina.core.StandardService   : Starting service [Tomcat]
2023-07-31 14:03:27.291  INFO [department-service,,] 13648 --- [restartedMain] org.apache.catalina.core.StandardEngine  : Starting Servlet engine: [Apache Tomcat/9.0.78]
2023-07-31 14:03:27.508  INFO [department-service,,] 13648 --- [restartedMain] o.a.c.c.C.[Tomcat].[localhost].[/]       : Initializing Spring embedded WebApplicationContext
2023-07-31 14:03:27.508  INFO [department-service,,] 13648 --- [restartedMain] w.s.c.ServletWebServerApplicationContext : Root WebApplicationContext: initialization completed in 6499 ms
2023-07-31 14:03:28.247  INFO [department-service,,] 13648 --- [restartedMain] com.zaxxer.hikari.HikariDataSource       : HikariPool-1 - Starting...
2023-07-31 14:03:28.791  INFO [department-service,,] 13648 --- [restartedMain] com.zaxxer.hikari.HikariDataSource       : HikariPool-1 - Start completed.
2023-07-31 14:03:28.824  INFO [department-service,,] 13648 --- [restartedMain] o.s.b.a.h2.H2ConsoleAutoConfiguration    : H2 console available at '/h2'. Database available at 'jdbc:h2:mem:testDB'
2023-07-31 14:03:31.628  INFO [department-service,,] 13648 --- [restartedMain] o.hibernate.jpa.internal.util.LogHelper  : HHH000204: Processing PersistenceUnitInfo [name: default]
2023-07-31 14:03:31.771  INFO [department-service,,] 13648 --- [restartedMain] org.hibernate.Version                    : HHH000412: Hibernate ORM core version 5.6.15.Final
2023-07-31 14:03:32.214  INFO [department-service,,] 13648 --- [restartedMain] o.hibernate.annotations.common.Version   : HCANN000001: Hibernate Commons Annotations {5.1.2.Final}
2023-07-31 14:03:32.496  INFO [department-service,,] 13648 --- [restartedMain] org.hibernate.dialect.Dialect            : HHH000400: Using dialect: org.hibernate.dialect.H2Dialect
2023-07-31 14:03:33.524  INFO [department-service,,] 13648 --- [restartedMain] o.h.e.t.j.p.i.JtaPlatformInitiator       : HHH000490: Using JtaPlatform implementation: [org.hibernate.engine.transaction.jta.platform.internal.NoJtaPlatform]
2023-07-31 14:03:33.548  INFO [department-service,,] 13648 --- [restartedMain] j.LocalContainerEntityManagerFactoryBean : Initialized JPA EntityManagerFactory for persistence unit 'default'
2023-07-31 14:03:34.643  WARN [department-service,,] 13648 --- [restartedMain] JpaBaseConfiguration$JpaWebConfiguration : spring.jpa.open-in-view is enabled by default. Therefore, database queries may be performed during view rendering. Explicitly configure spring.jpa.open-in-view to disable this warning
2023-07-31 14:03:36.896  WARN [department-service,,] 13648 --- [restartedMain] o.s.b.d.a.OptionalLiveReloadServer       : Unable to start LiveReload server
2023-07-31 14:03:37.384  INFO [department-service,,] 13648 --- [restartedMain] DiscoveryClientOptionalArgsConfiguration : Eureka HTTP Client uses RestTemplate.
2023-07-31 14:03:38.105  WARN [department-service,,] 13648 --- [restartedMain] iguration$LoadBalancerCaffeineWarnLogger : Spring Cloud LoadBalancer is currently working with the default cache. While this cache implementation is useful for development and tests, it's recommended to use Caffeine cache in production.You can switch to using Caffeine cache, by adding it and org.springframework.cache.caffeine.CaffeineCacheManager to the classpath.
2023-07-31 14:03:38.194  INFO [department-service,,] 13648 --- [restartedMain] o.s.b.a.e.web.EndpointLinksResolver      : Exposing 18 endpoint(s) beneath base path '/actuator'
2023-07-31 14:03:38.349  INFO [department-service,,] 13648 --- [restartedMain] o.s.b.w.embedded.tomcat.TomcatWebServer  : Tomcat started on port(s): 61066 (http) with context path ''
2023-07-31 14:03:38.352  INFO [department-service,,] 13648 --- [restartedMain] .s.c.n.e.s.EurekaAutoServiceRegistration : Updating port to 61066
2023-07-31 14:03:38.361  INFO [department-service,,] 13648 --- [restartedMain] o.s.c.n.eureka.InstanceInfoFactory       : Setting initial instance status as: STARTING
2023-07-31 14:03:38.431  INFO [department-service,,] 13648 --- [restartedMain] com.netflix.discovery.DiscoveryClient    : Initializing Eureka in region us-east-1
2023-07-31 14:03:38.439  INFO [department-service,,] 13648 --- [restartedMain] c.n.d.s.r.aws.ConfigClusterResolver      : Resolving eureka endpoints via configuration
2023-07-31 14:03:38.524  INFO [department-service,,] 13648 --- [restartedMain] com.netflix.discovery.DiscoveryClient    : Disable delta property : false
2023-07-31 14:03:38.524  INFO [department-service,,] 13648 --- [restartedMain] com.netflix.discovery.DiscoveryClient    : Single vip registry refresh property : null
2023-07-31 14:03:38.524  INFO [department-service,,] 13648 --- [restartedMain] com.netflix.discovery.DiscoveryClient    : Force full registry fetch : false
2023-07-31 14:03:38.525  INFO [department-service,,] 13648 --- [restartedMain] com.netflix.discovery.DiscoveryClient    : Application is null : false
2023-07-31 14:03:38.525  INFO [department-service,,] 13648 --- [restartedMain] com.netflix.discovery.DiscoveryClient    : Registered Applications size is zero : true
2023-07-31 14:03:38.525  INFO [department-service,,] 13648 --- [restartedMain] com.netflix.discovery.DiscoveryClient    : Application version is -1: true
2023-07-31 14:03:38.526  INFO [department-service,,] 13648 --- [restartedMain] com.netflix.discovery.DiscoveryClient    : Getting all instance registry info from the eureka server
2023-07-31 14:03:38.851  INFO [department-service,,] 13648 --- [restartedMain] com.netflix.discovery.DiscoveryClient    : The response status is 200
2023-07-31 14:03:38.855  INFO [department-service,,] 13648 --- [restartedMain] com.netflix.discovery.DiscoveryClient    : Starting heartbeat executor: renew interval is: 30
2023-07-31 14:03:38.859  INFO [department-service,,] 13648 --- [restartedMain] c.n.discovery.InstanceInfoReplicator     : InstanceInfoReplicator onDemand update allowed rate per min is 4
2023-07-31 14:03:38.868  INFO [department-service,,] 13648 --- [restartedMain] com.netflix.discovery.DiscoveryClient    : Discovery Client initialized at timestamp 1690792418866 with initial instances count: 1
2023-07-31 14:03:38.886  INFO [department-service,,] 13648 --- [restartedMain] o.s.c.n.e.s.EurekaServiceRegistry        : Registering application DEPARTMENT-SERVICE with eureka with status UP
2023-07-31 14:03:38.887  INFO [department-service,,] 13648 --- [restartedMain] com.netflix.discovery.DiscoveryClient    : Saw local status change event StatusChangeEvent [timestamp=1690792418887, current=UP, previous=STARTING]
2023-07-31 14:03:38.891  INFO [department-service,,] 13648 --- [DiscoveryClient-InstanceInfoReplicator-0] com.netflix.discovery.DiscoveryClient    : DiscoveryClient_DEPARTMENT-SERVICE/department-service:4644de67d36e3db812fb43c09e7ec0ef: registering service...
2023-07-31 14:03:38.967  INFO [department-service,,] 13648 --- [DiscoveryClient-InstanceInfoReplicator-0] com.netflix.discovery.DiscoveryClient    : DiscoveryClient_DEPARTMENT-SERVICE/department-service:4644de67d36e3db812fb43c09e7ec0ef - registration status: 204
2023-07-31 14:03:39.318  INFO [department-service,,] 13648 --- [restartedMain] c.e.demo.DepartmentServiceApplication    : Started DepartmentServiceApplication in 20.524 seconds (JVM running for 23.251)
2023-07-31 14:03:39.502  INFO [department-service,,] 13648 --- [registrationTask1] d.c.b.a.c.r.ApplicationRegistrator       : Application registered itself as 5de49f67623b
2023-07-31 14:03:39.636  INFO [department-service,4c0b1fdb9b24f54b,4c0b1fdb9b24f54b] 13648 --- [http-nio-auto-1-exec-1] o.a.c.c.C.[Tomcat].[localhost].[/]       : Initializing Spring DispatcherServlet 'dispatcherServlet'
2023-07-31 14:03:39.636  INFO [department-service,4c0b1fdb9b24f54b,4c0b1fdb9b24f54b] 13648 --- [http-nio-auto-1-exec-1] o.s.web.servlet.DispatcherServlet        : Initializing Servlet 'dispatcherServlet'
2023-07-31 14:03:39.639  INFO [department-service,4c0b1fdb9b24f54b,4c0b1fdb9b24f54b] 13648 --- [http-nio-auto-1-exec-1] o.s.web.servlet.DispatcherServlet        : Completed initialization in 2 ms
2023-07-31 14:08:38.561  INFO [department-service,,] 13648 --- [AsyncResolver-bootstrap-executor-0] c.n.d.s.r.aws.ConfigClusterResolver      : Resolving eureka endpoints via configuration
2023-07-31 14:13:38.573  INFO [department-service,,] 13648 --- [AsyncResolver-bootstrap-executor-0] c.n.d.s.r.aws.ConfigClusterResolver      : Resolving eureka endpoints via configuration
2023-07-31 14:18:38.589  INFO [department-service,,] 13648 --- [AsyncResolver-bootstrap-executor-0] c.n.d.s.r.aws.ConfigClusterResolver      : Resolving eureka endpoints via configuration
