2023-07-27 10:49:37.911  INFO 14136 --- [restartedMain] com.example.demo.UserServiceApplication  : Starting UserServiceApplication using Java 11.0.18 on DESKTOP-SJOQAIU with PID 14136 (C:\Users\Nilesh\Documents\workspace-spring-tool-suite-4-4.18.1.RELEASE\user-service\target\classes started by Nilesh in C:\Users\Nilesh\Documents\workspace-spring-tool-suite-4-4.18.1.RELEASE\user-service)
2023-07-27 10:49:37.912  INFO 14136 --- [restartedMain] com.example.demo.UserServiceApplication  : No active profile set, falling back to 1 default profile: "default"
2023-07-27 10:49:38.323  INFO 10820 --- [restartedMain] com.example.demo.UserServiceApplication  : Starting UserServiceApplication using Java 11.0.18 on DESKTOP-SJOQAIU with PID 10820 (C:\Users\Nilesh\Documents\workspace-spring-tool-suite-4-4.18.1.RELEASE\user-service\target\classes started by Nilesh in C:\Users\Nilesh\Documents\workspace-spring-tool-suite-4-4.18.1.RELEASE\user-service)
2023-07-27 10:49:38.324  INFO 10820 --- [restartedMain] com.example.demo.UserServiceApplication  : No active profile set, falling back to 1 default profile: "default"
2023-07-27 10:49:38.892  INFO 14136 --- [restartedMain] .s.d.r.c.RepositoryConfigurationDelegate : Bootstrapping Spring Data JPA repositories in DEFAULT mode.
2023-07-27 10:49:38.917  INFO 14136 --- [restartedMain] .s.d.r.c.RepositoryConfigurationDelegate : Finished Spring Data repository scanning in 25 ms. Found 1 JPA repository interfaces.
2023-07-27 10:49:39.120  INFO 14136 --- [restartedMain] o.s.cloud.context.scope.GenericScope     : BeanFactory id=cd581cb4-133a-317f-9ab8-eab1fb07bec3
2023-07-27 10:49:39.316  INFO 14136 --- [restartedMain] o.s.b.w.embedded.tomcat.TomcatWebServer  : Tomcat initialized with port(s): 0 (http)
2023-07-27 10:49:39.318  INFO 14136 --- [restartedMain] o.apache.catalina.core.StandardService   : Starting service [Tomcat]
2023-07-27 10:49:39.319  INFO 14136 --- [restartedMain] org.apache.catalina.core.StandardEngine  : Starting Servlet engine: [Apache Tomcat/9.0.78]
2023-07-27 10:49:39.374  INFO 10820 --- [restartedMain] .s.d.r.c.RepositoryConfigurationDelegate : Bootstrapping Spring Data JPA repositories in DEFAULT mode.
2023-07-27 10:49:39.389  INFO 14136 --- [restartedMain] o.a.c.c.C.[Tomcat].[localhost].[/]       : Initializing Spring embedded WebApplicationContext
2023-07-27 10:49:39.389  INFO 14136 --- [restartedMain] w.s.c.ServletWebServerApplicationContext : Root WebApplicationContext: initialization completed in 1464 ms
2023-07-27 10:49:39.404  INFO 10820 --- [restartedMain] .s.d.r.c.RepositoryConfigurationDelegate : Finished Spring Data repository scanning in 28 ms. Found 1 JPA repository interfaces.
2023-07-27 10:49:39.490  INFO 14136 --- [restartedMain] com.zaxxer.hikari.HikariDataSource       : HikariPool-2 - Starting...
2023-07-27 10:49:39.501  INFO 14136 --- [restartedMain] com.zaxxer.hikari.HikariDataSource       : HikariPool-2 - Start completed.
2023-07-27 10:49:39.502  INFO 14136 --- [restartedMain] o.s.b.a.h2.H2ConsoleAutoConfiguration    : H2 console available at '/h2-console'. Database available at 'jdbc:h2:mem:testDB'
2023-07-27 10:49:39.628  INFO 14136 --- [restartedMain] o.hibernate.jpa.internal.util.LogHelper  : HHH000204: Processing PersistenceUnitInfo [name: default]
2023-07-27 10:49:39.641  INFO 14136 --- [restartedMain] org.hibernate.dialect.Dialect            : HHH000400: Using dialect: org.hibernate.dialect.H2Dialect
2023-07-27 10:49:39.678  INFO 10820 --- [restartedMain] o.s.cloud.context.scope.GenericScope     : BeanFactory id=cd581cb4-133a-317f-9ab8-eab1fb07bec3
2023-07-27 10:49:39.721  INFO 14136 --- [restartedMain] o.h.e.t.j.p.i.JtaPlatformInitiator       : HHH000490: Using JtaPlatform implementation: [org.hibernate.engine.transaction.jta.platform.internal.NoJtaPlatform]
2023-07-27 10:49:39.722  INFO 14136 --- [restartedMain] j.LocalContainerEntityManagerFactoryBean : Initialized JPA EntityManagerFactory for persistence unit 'default'
2023-07-27 10:49:39.882  INFO 10820 --- [restartedMain] o.s.b.w.embedded.tomcat.TomcatWebServer  : Tomcat initialized with port(s): 0 (http)
2023-07-27 10:49:39.885  INFO 10820 --- [restartedMain] o.apache.catalina.core.StandardService   : Starting service [Tomcat]
2023-07-27 10:49:39.886  INFO 10820 --- [restartedMain] org.apache.catalina.core.StandardEngine  : Starting Servlet engine: [Apache Tomcat/9.0.78]
2023-07-27 10:49:39.897  WARN 14136 --- [restartedMain] JpaBaseConfiguration$JpaWebConfiguration : spring.jpa.open-in-view is enabled by default. Therefore, database queries may be performed during view rendering. Explicitly configure spring.jpa.open-in-view to disable this warning
2023-07-27 10:49:39.947  INFO 10820 --- [restartedMain] o.a.c.c.C.[Tomcat].[localhost].[/]       : Initializing Spring embedded WebApplicationContext
2023-07-27 10:49:39.947  INFO 10820 --- [restartedMain] w.s.c.ServletWebServerApplicationContext : Root WebApplicationContext: initialization completed in 1618 ms
2023-07-27 10:49:40.028  INFO 10820 --- [restartedMain] com.zaxxer.hikari.HikariDataSource       : HikariPool-2 - Starting...
2023-07-27 10:49:40.034  INFO 10820 --- [restartedMain] com.zaxxer.hikari.HikariDataSource       : HikariPool-2 - Start completed.
2023-07-27 10:49:40.034  INFO 10820 --- [restartedMain] o.s.b.a.h2.H2ConsoleAutoConfiguration    : H2 console available at '/h2-console'. Database available at 'jdbc:h2:mem:testDB'
2023-07-27 10:49:40.127  INFO 10820 --- [restartedMain] o.hibernate.jpa.internal.util.LogHelper  : HHH000204: Processing PersistenceUnitInfo [name: default]
2023-07-27 10:49:40.137  INFO 10820 --- [restartedMain] org.hibernate.dialect.Dialect            : HHH000400: Using dialect: org.hibernate.dialect.H2Dialect
2023-07-27 10:49:40.222  INFO 10820 --- [restartedMain] o.h.e.t.j.p.i.JtaPlatformInitiator       : HHH000490: Using JtaPlatform implementation: [org.hibernate.engine.transaction.jta.platform.internal.NoJtaPlatform]
2023-07-27 10:49:40.223  INFO 10820 --- [restartedMain] j.LocalContainerEntityManagerFactoryBean : Initialized JPA EntityManagerFactory for persistence unit 'default'
2023-07-27 10:49:40.435  WARN 10820 --- [restartedMain] JpaBaseConfiguration$JpaWebConfiguration : spring.jpa.open-in-view is enabled by default. Therefore, database queries may be performed during view rendering. Explicitly configure spring.jpa.open-in-view to disable this warning
2023-07-27 10:49:40.993  WARN 14136 --- [restartedMain] o.s.b.d.a.OptionalLiveReloadServer       : Unable to start LiveReload server
2023-07-27 10:49:41.371  WARN 10820 --- [restartedMain] o.s.b.d.a.OptionalLiveReloadServer       : Unable to start LiveReload server
2023-07-27 10:49:41.382  INFO 14136 --- [restartedMain] DiscoveryClientOptionalArgsConfiguration : Eureka HTTP Client uses RestTemplate.
2023-07-27 10:49:41.429  WARN 14136 --- [restartedMain] iguration$LoadBalancerCaffeineWarnLogger : Spring Cloud LoadBalancer is currently working with the default cache. While this cache implementation is useful for development and tests, it's recommended to use Caffeine cache in production.You can switch to using Caffeine cache, by adding it and org.springframework.cache.caffeine.CaffeineCacheManager to the classpath.
2023-07-27 10:49:41.441  INFO 14136 --- [restartedMain] o.s.b.a.e.web.EndpointLinksResolver      : Exposing 17 endpoint(s) beneath base path '/actuator'
2023-07-27 10:49:41.514  INFO 14136 --- [restartedMain] o.s.b.w.embedded.tomcat.TomcatWebServer  : Tomcat started on port(s): 50535 (http) with context path ''
2023-07-27 10:49:41.516  INFO 14136 --- [restartedMain] .s.c.n.e.s.EurekaAutoServiceRegistration : Updating port to 50535
2023-07-27 10:49:41.517  INFO 14136 --- [restartedMain] o.s.c.n.eureka.InstanceInfoFactory       : Setting initial instance status as: STARTING
2023-07-27 10:49:41.527  INFO 14136 --- [restartedMain] com.netflix.discovery.DiscoveryClient    : Initializing Eureka in region us-east-1
2023-07-27 10:49:41.527  INFO 14136 --- [restartedMain] c.n.d.s.r.aws.ConfigClusterResolver      : Resolving eureka endpoints via configuration
2023-07-27 10:49:41.557  INFO 14136 --- [restartedMain] com.netflix.discovery.DiscoveryClient    : Disable delta property : false
2023-07-27 10:49:41.557  INFO 14136 --- [restartedMain] com.netflix.discovery.DiscoveryClient    : Single vip registry refresh property : null
2023-07-27 10:49:41.557  INFO 14136 --- [restartedMain] com.netflix.discovery.DiscoveryClient    : Force full registry fetch : false
2023-07-27 10:49:41.557  INFO 14136 --- [restartedMain] com.netflix.discovery.DiscoveryClient    : Application is null : false
2023-07-27 10:49:41.557  INFO 14136 --- [restartedMain] com.netflix.discovery.DiscoveryClient    : Registered Applications size is zero : true
2023-07-27 10:49:41.559  INFO 14136 --- [restartedMain] com.netflix.discovery.DiscoveryClient    : Application version is -1: true
2023-07-27 10:49:41.559  INFO 14136 --- [restartedMain] com.netflix.discovery.DiscoveryClient    : Getting all instance registry info from the eureka server
2023-07-27 10:49:41.622  INFO 14136 --- [restartedMain] com.netflix.discovery.DiscoveryClient    : The response status is 200
2023-07-27 10:49:41.624  INFO 14136 --- [restartedMain] com.netflix.discovery.DiscoveryClient    : Starting heartbeat executor: renew interval is: 30
2023-07-27 10:49:41.626  INFO 14136 --- [restartedMain] c.n.discovery.InstanceInfoReplicator     : InstanceInfoReplicator onDemand update allowed rate per min is 4
2023-07-27 10:49:41.627  INFO 14136 --- [restartedMain] com.netflix.discovery.DiscoveryClient    : Discovery Client initialized at timestamp 1690435181627 with initial instances count: 2
2023-07-27 10:49:41.632  INFO 14136 --- [restartedMain] o.s.c.n.e.s.EurekaServiceRegistry        : Registering application USER-SERVICE with eureka with status UP
2023-07-27 10:49:41.632  INFO 14136 --- [restartedMain] com.netflix.discovery.DiscoveryClient    : Saw local status change event StatusChangeEvent [timestamp=1690435181632, current=UP, previous=STARTING]
2023-07-27 10:49:41.635  INFO 14136 --- [DiscoveryClient-InstanceInfoReplicator-0] com.netflix.discovery.DiscoveryClient    : DiscoveryClient_USER-SERVICE/user-service:b13a95e145b8f9758c349f253db62925: registering service...
2023-07-27 10:49:41.662  INFO 14136 --- [DiscoveryClient-InstanceInfoReplicator-0] com.netflix.discovery.DiscoveryClient    : DiscoveryClient_USER-SERVICE/user-service:b13a95e145b8f9758c349f253db62925 - registration status: 204
2023-07-27 10:49:41.915  INFO 10820 --- [restartedMain] DiscoveryClientOptionalArgsConfiguration : Eureka HTTP Client uses RestTemplate.
2023-07-27 10:49:41.979  WARN 10820 --- [restartedMain] iguration$LoadBalancerCaffeineWarnLogger : Spring Cloud LoadBalancer is currently working with the default cache. While this cache implementation is useful for development and tests, it's recommended to use Caffeine cache in production.You can switch to using Caffeine cache, by adding it and org.springframework.cache.caffeine.CaffeineCacheManager to the classpath.
2023-07-27 10:49:41.991  INFO 10820 --- [restartedMain] o.s.b.a.e.web.EndpointLinksResolver      : Exposing 17 endpoint(s) beneath base path '/actuator'
2023-07-27 10:49:42.060  INFO 10820 --- [restartedMain] o.s.b.w.embedded.tomcat.TomcatWebServer  : Tomcat started on port(s): 50542 (http) with context path ''
2023-07-27 10:49:42.061  INFO 10820 --- [restartedMain] .s.c.n.e.s.EurekaAutoServiceRegistration : Updating port to 50542
2023-07-27 10:49:42.065  INFO 10820 --- [restartedMain] o.s.c.n.eureka.InstanceInfoFactory       : Setting initial instance status as: STARTING
2023-07-27 10:49:42.075  INFO 10820 --- [restartedMain] com.netflix.discovery.DiscoveryClient    : Initializing Eureka in region us-east-1
2023-07-27 10:49:42.077  INFO 10820 --- [restartedMain] c.n.d.s.r.aws.ConfigClusterResolver      : Resolving eureka endpoints via configuration
2023-07-27 10:49:42.093  INFO 10820 --- [restartedMain] com.netflix.discovery.DiscoveryClient    : Disable delta property : false
2023-07-27 10:49:42.094  INFO 10820 --- [restartedMain] com.netflix.discovery.DiscoveryClient    : Single vip registry refresh property : null
2023-07-27 10:49:42.094  INFO 10820 --- [restartedMain] com.netflix.discovery.DiscoveryClient    : Force full registry fetch : false
2023-07-27 10:49:42.095  INFO 10820 --- [restartedMain] com.netflix.discovery.DiscoveryClient    : Application is null : false
2023-07-27 10:49:42.095  INFO 10820 --- [restartedMain] com.netflix.discovery.DiscoveryClient    : Registered Applications size is zero : true
2023-07-27 10:49:42.095  INFO 10820 --- [restartedMain] com.netflix.discovery.DiscoveryClient    : Application version is -1: true
2023-07-27 10:49:42.096  INFO 10820 --- [restartedMain] com.netflix.discovery.DiscoveryClient    : Getting all instance registry info from the eureka server
2023-07-27 10:49:42.131  INFO 10820 --- [restartedMain] com.netflix.discovery.DiscoveryClient    : The response status is 200
2023-07-27 10:49:42.131  INFO 14136 --- [restartedMain] com.example.demo.UserServiceApplication  : Started UserServiceApplication in 5.081 seconds (JVM running for 135.082)
2023-07-27 10:49:42.132  INFO 10820 --- [restartedMain] com.netflix.discovery.DiscoveryClient    : Starting heartbeat executor: renew interval is: 30
2023-07-27 10:49:42.134  INFO 10820 --- [restartedMain] c.n.discovery.InstanceInfoReplicator     : InstanceInfoReplicator onDemand update allowed rate per min is 4
2023-07-27 10:49:42.135  INFO 10820 --- [restartedMain] com.netflix.discovery.DiscoveryClient    : Discovery Client initialized at timestamp 1690435182135 with initial instances count: 2
2023-07-27 10:49:42.140  INFO 10820 --- [restartedMain] o.s.c.n.e.s.EurekaServiceRegistry        : Registering application USER-SERVICE with eureka with status UP
2023-07-27 10:49:42.140  INFO 10820 --- [restartedMain] com.netflix.discovery.DiscoveryClient    : Saw local status change event StatusChangeEvent [timestamp=1690435182140, current=UP, previous=STARTING]
2023-07-27 10:49:42.143  INFO 10820 --- [DiscoveryClient-InstanceInfoReplicator-0] com.netflix.discovery.DiscoveryClient    : DiscoveryClient_USER-SERVICE/user-service:1258493ebb02de9ad0ca2711c15c14cf: registering service...
2023-07-27 10:49:42.156  INFO 14136 --- [restartedMain] .ConditionEvaluationDeltaLoggingListener : Condition evaluation delta:


==========================
CONDITION EVALUATION DELTA
==========================


Positive matches:
-----------------

   LogFileWebEndpointAutoConfiguration#logFileWebEndpoint matched:
      - Log File found logging.file.name user-service.log (LogFileWebEndpointAutoConfiguration.LogFileCondition)
      - @ConditionalOnMissingBean (types: org.springframework.boot.actuate.logging.LogFileWebEndpoint; SearchStrategy: all) did not find any beans (OnBeanCondition)


Negative matches:
-----------------

    None


Exclusions:
-----------

    None


Unconditional classes:
----------------------

    None



2023-07-27 10:49:42.162  INFO 10820 --- [DiscoveryClient-InstanceInfoReplicator-0] com.netflix.discovery.DiscoveryClient    : DiscoveryClient_USER-SERVICE/user-service:1258493ebb02de9ad0ca2711c15c14cf - registration status: 204
2023-07-27 10:49:42.175  INFO 14136 --- [registrationTask1] d.c.b.a.c.r.ApplicationRegistrator       : Application registered itself as e2d2561b8bf6
2023-07-27 10:49:42.176  INFO 14136 --- [http-nio-auto-2-exec-1] o.a.c.c.C.[Tomcat].[localhost].[/]       : Initializing Spring DispatcherServlet 'dispatcherServlet'
2023-07-27 10:49:42.177  INFO 14136 --- [http-nio-auto-2-exec-1] o.s.web.servlet.DispatcherServlet        : Initializing Servlet 'dispatcherServlet'
2023-07-27 10:49:42.181  INFO 14136 --- [http-nio-auto-2-exec-1] o.s.web.servlet.DispatcherServlet        : Completed initialization in 4 ms
2023-07-27 10:49:42.635  INFO 10820 --- [restartedMain] com.example.demo.UserServiceApplication  : Started UserServiceApplication in 5.087 seconds (JVM running for 107.427)
2023-07-27 10:49:42.644  INFO 10820 --- [restartedMain] .ConditionEvaluationDeltaLoggingListener : Condition evaluation delta:


==========================
CONDITION EVALUATION DELTA
==========================


Positive matches:
-----------------

   LogFileWebEndpointAutoConfiguration#logFileWebEndpoint matched:
      - Log File found logging.file.name user-service.log (LogFileWebEndpointAutoConfiguration.LogFileCondition)
      - @ConditionalOnMissingBean (types: org.springframework.boot.actuate.logging.LogFileWebEndpoint; SearchStrategy: all) did not find any beans (OnBeanCondition)


Negative matches:
-----------------

    None


Exclusions:
-----------

    None


Unconditional classes:
----------------------

    None



2023-07-27 10:49:42.657  INFO 10820 --- [registrationTask1] d.c.b.a.c.r.ApplicationRegistrator       : Application registered itself as 84b0a6924e95
2023-07-27 10:49:42.658  INFO 10820 --- [http-nio-auto-2-exec-1] o.a.c.c.C.[Tomcat].[localhost].[/]       : Initializing Spring DispatcherServlet 'dispatcherServlet'
2023-07-27 10:49:42.660  INFO 10820 --- [http-nio-auto-2-exec-1] o.s.web.servlet.DispatcherServlet        : Initializing Servlet 'dispatcherServlet'
2023-07-27 10:49:42.666  INFO 10820 --- [http-nio-auto-2-exec-1] o.s.web.servlet.DispatcherServlet        : Completed initialization in 5 ms
2023-07-27 10:50:25.562  INFO 14136 --- [RMI TCP Connection(18)-127.0.0.1] inMXBeanRegistrar$SpringApplicationAdmin : Application shutdown requested.
2023-07-27 10:50:25.564  INFO 14136 --- [RMI TCP Connection(18)-127.0.0.1] o.s.c.n.e.s.EurekaServiceRegistry        : Unregistering application USER-SERVICE with eureka with status DOWN
2023-07-27 10:50:25.564  INFO 14136 --- [RMI TCP Connection(18)-127.0.0.1] com.netflix.discovery.DiscoveryClient    : Saw local status change event StatusChangeEvent [timestamp=1690435225564, current=DOWN, previous=UP]
2023-07-27 10:50:25.568  INFO 14136 --- [DiscoveryClient-InstanceInfoReplicator-0] com.netflix.discovery.DiscoveryClient    : DiscoveryClient_USER-SERVICE/user-service:b13a95e145b8f9758c349f253db62925: registering service...
2023-07-27 10:50:25.585  INFO 14136 --- [DiscoveryClient-InstanceInfoReplicator-0] com.netflix.discovery.DiscoveryClient    : DiscoveryClient_USER-SERVICE/user-service:b13a95e145b8f9758c349f253db62925 - registration status: 204
2023-07-27 10:50:25.817  INFO 14136 --- [RMI TCP Connection(18)-127.0.0.1] o.apache.catalina.core.StandardService   : Stopping service [Tomcat]
2023-07-27 10:50:25.821  INFO 14136 --- [RMI TCP Connection(18)-127.0.0.1] o.a.c.c.C.[Tomcat].[localhost].[/]       : Destroying Spring FrameworkServlet 'dispatcherServlet'
2023-07-27 10:50:25.836  INFO 14136 --- [RMI TCP Connection(18)-127.0.0.1] j.LocalContainerEntityManagerFactoryBean : Closing JPA EntityManagerFactory for persistence unit 'default'
2023-07-27 10:50:25.837  INFO 14136 --- [RMI TCP Connection(18)-127.0.0.1] .SchemaDropperImpl$DelayedDropActionImpl : HHH000477: Starting delayed evictData of schema as part of SessionFactory shut-down'
2023-07-27 10:50:26.272  WARN 14136 --- [RMI TCP Connection(18)-127.0.0.1] o.s.b.f.support.DisposableBeanAdapter    : Invocation of destroy method failed on bean with name 'inMemoryDatabaseShutdownExecutor': org.h2.jdbc.JdbcSQLNonTransientConnectionException: Database is already closed (to disable automatic closing at VM shutdown, add ";DB_CLOSE_ON_EXIT=FALSE" to the db URL) [90121-214]
2023-07-27 10:50:26.274  INFO 14136 --- [RMI TCP Connection(18)-127.0.0.1] com.zaxxer.hikari.HikariDataSource       : HikariPool-2 - Shutdown initiated...
2023-07-27 10:50:26.326  INFO 14136 --- [RMI TCP Connection(18)-127.0.0.1] com.zaxxer.hikari.HikariDataSource       : HikariPool-2 - Shutdown completed.
2023-07-27 10:50:26.327  INFO 14136 --- [RMI TCP Connection(18)-127.0.0.1] com.netflix.discovery.DiscoveryClient    : Shutting down DiscoveryClient ...
2023-07-27 10:50:29.341  INFO 14136 --- [RMI TCP Connection(18)-127.0.0.1] com.netflix.discovery.DiscoveryClient    : Unregistering ...
2023-07-27 10:50:29.356  INFO 14136 --- [RMI TCP Connection(18)-127.0.0.1] com.netflix.discovery.DiscoveryClient    : DiscoveryClient_USER-SERVICE/user-service:b13a95e145b8f9758c349f253db62925 - deregister  status: 200
2023-07-27 10:50:29.366  INFO 14136 --- [RMI TCP Connection(18)-127.0.0.1] com.netflix.discovery.DiscoveryClient    : Completed shut down of DiscoveryClient
2023-07-27 10:50:38.196  INFO 10820 --- [RMI TCP Connection(6)-127.0.0.1] inMXBeanRegistrar$SpringApplicationAdmin : Application shutdown requested.
2023-07-27 10:50:38.197  INFO 10820 --- [RMI TCP Connection(6)-127.0.0.1] o.s.c.n.e.s.EurekaServiceRegistry        : Unregistering application USER-SERVICE with eureka with status DOWN
2023-07-27 10:50:38.198  INFO 10820 --- [RMI TCP Connection(6)-127.0.0.1] com.netflix.discovery.DiscoveryClient    : Saw local status change event StatusChangeEvent [timestamp=1690435238198, current=DOWN, previous=UP]
2023-07-27 10:50:38.198  INFO 10820 --- [DiscoveryClient-InstanceInfoReplicator-0] com.netflix.discovery.DiscoveryClient    : DiscoveryClient_USER-SERVICE/user-service:1258493ebb02de9ad0ca2711c15c14cf: registering service...
2023-07-27 10:50:38.212  INFO 10820 --- [DiscoveryClient-InstanceInfoReplicator-0] com.netflix.discovery.DiscoveryClient    : DiscoveryClient_USER-SERVICE/user-service:1258493ebb02de9ad0ca2711c15c14cf - registration status: 204
2023-07-27 10:50:38.469  INFO 10820 --- [RMI TCP Connection(6)-127.0.0.1] o.apache.catalina.core.StandardService   : Stopping service [Tomcat]
2023-07-27 10:50:38.471  INFO 10820 --- [RMI TCP Connection(6)-127.0.0.1] o.a.c.c.C.[Tomcat].[localhost].[/]       : Destroying Spring FrameworkServlet 'dispatcherServlet'
2023-07-27 10:50:38.484  INFO 10820 --- [RMI TCP Connection(6)-127.0.0.1] j.LocalContainerEntityManagerFactoryBean : Closing JPA EntityManagerFactory for persistence unit 'default'
2023-07-27 10:50:38.485  INFO 10820 --- [RMI TCP Connection(6)-127.0.0.1] .SchemaDropperImpl$DelayedDropActionImpl : HHH000477: Starting delayed evictData of schema as part of SessionFactory shut-down'
2023-07-27 10:50:38.910  WARN 10820 --- [RMI TCP Connection(6)-127.0.0.1] o.s.b.f.support.DisposableBeanAdapter    : Invocation of destroy method failed on bean with name 'inMemoryDatabaseShutdownExecutor': org.h2.jdbc.JdbcSQLNonTransientConnectionException: Database is already closed (to disable automatic closing at VM shutdown, add ";DB_CLOSE_ON_EXIT=FALSE" to the db URL) [90121-214]
2023-07-27 10:50:38.912  INFO 10820 --- [RMI TCP Connection(6)-127.0.0.1] com.zaxxer.hikari.HikariDataSource       : HikariPool-2 - Shutdown initiated...
2023-07-27 10:50:38.964  INFO 10820 --- [RMI TCP Connection(6)-127.0.0.1] com.zaxxer.hikari.HikariDataSource       : HikariPool-2 - Shutdown completed.
2023-07-27 10:50:38.965  INFO 10820 --- [RMI TCP Connection(6)-127.0.0.1] com.netflix.discovery.DiscoveryClient    : Shutting down DiscoveryClient ...
2023-07-27 10:50:41.971  INFO 10820 --- [RMI TCP Connection(6)-127.0.0.1] com.netflix.discovery.DiscoveryClient    : Unregistering ...
2023-07-27 10:50:41.987  INFO 10820 --- [RMI TCP Connection(6)-127.0.0.1] com.netflix.discovery.DiscoveryClient    : DiscoveryClient_USER-SERVICE/user-service:1258493ebb02de9ad0ca2711c15c14cf - deregister  status: 200
2023-07-27 10:50:41.995  INFO 10820 --- [RMI TCP Connection(6)-127.0.0.1] com.netflix.discovery.DiscoveryClient    : Completed shut down of DiscoveryClient
